[INFO  - 2017-05-25T19:50:33.324Z] GhostDriver - Main - running on port 11314
[INFO  - 2017-05-25T19:50:34.273Z] Session [6a932980-4183-11e7-8433-bb3770bf966e] - page.settings - {"XSSAuditingEnabled":false,"javascriptCanCloseWindows":true,"javascriptCanOpenWindows":true,"javascriptEnabled":true,"loadImages":true,"localToRemoteUrlAccessEnabled":false,"userAgent":"Mozilla/5.0 (Windows NT 6.2; WOW64) AppleWebKit/538.1 (KHTML, like Gecko) PhantomJS/2.1.1 Safari/538.1","webSecurityEnabled":true}
[INFO  - 2017-05-25T19:50:34.273Z] Session [6a932980-4183-11e7-8433-bb3770bf966e] - page.customHeaders:  - {}
[INFO  - 2017-05-25T19:50:34.373Z] Session [6a932980-4183-11e7-8433-bb3770bf966e] - Session.negotiatedCapabilities - {"browserName":"phantomjs","version":"2.1.1","driverName":"ghostdriver","driverVersion":"1.2.0","platform":"windows-10-32bit","javascriptEnabled":true,"takesScreenshot":true,"handlesAlerts":false,"databaseEnabled":false,"locationContextEnabled":false,"applicationCacheEnabled":false,"browserConnectionEnabled":false,"cssSelectorsEnabled":true,"webStorageEnabled":false,"rotatable":false,"acceptSslCerts":false,"nativeEvents":true,"proxy":{"proxyType":"direct"}}
[INFO  - 2017-05-25T19:50:34.374Z] SessionManagerReqHand - _postNewSessionCommand - New Session Created: 6a932980-4183-11e7-8433-bb3770bf966e
[INFO  - 2017-05-25T19:50:40.425Z] ShutdownReqHand - _handle - About to shutdown
[INFO  - 2017-05-25T19:50:56.684Z] GhostDriver - Main - running on port 44123
[INFO  - 2017-05-25T19:50:57.301Z] Session [784c0a60-4183-11e7-884f-0de74bba3715] - page.settings - {"XSSAuditingEnabled":false,"javascriptCanCloseWindows":true,"javascriptCanOpenWindows":true,"javascriptEnabled":true,"loadImages":true,"localToRemoteUrlAccessEnabled":false,"userAgent":"Mozilla/5.0 (Windows NT 6.2; WOW64) AppleWebKit/538.1 (KHTML, like Gecko) PhantomJS/2.1.1 Safari/538.1","webSecurityEnabled":true}
[INFO  - 2017-05-25T19:50:57.301Z] Session [784c0a60-4183-11e7-884f-0de74bba3715] - page.customHeaders:  - {}
[INFO  - 2017-05-25T19:50:57.301Z] Session [784c0a60-4183-11e7-884f-0de74bba3715] - Session.negotiatedCapabilities - {"browserName":"phantomjs","version":"2.1.1","driverName":"ghostdriver","driverVersion":"1.2.0","platform":"windows-10-32bit","javascriptEnabled":true,"takesScreenshot":true,"handlesAlerts":false,"databaseEnabled":false,"locationContextEnabled":false,"applicationCacheEnabled":false,"browserConnectionEnabled":false,"cssSelectorsEnabled":true,"webStorageEnabled":false,"rotatable":false,"acceptSslCerts":false,"nativeEvents":true,"proxy":{"proxyType":"direct"}}
[INFO  - 2017-05-25T19:50:57.302Z] SessionManagerReqHand - _postNewSessionCommand - New Session Created: 784c0a60-4183-11e7-884f-0de74bba3715
[INFO  - 2017-05-25T19:51:01.966Z] ShutdownReqHand - _handle - About to shutdown
[INFO  - 2017-05-25T19:52:09.778Z] GhostDriver - Main - running on port 53354
[INFO  - 2017-05-25T19:52:10.918Z] Session [a42e2be0-4183-11e7-b5f5-fd0f6df25cdd] - page.settings - {"XSSAuditingEnabled":false,"javascriptCanCloseWindows":true,"javascriptCanOpenWindows":true,"javascriptEnabled":true,"loadImages":true,"localToRemoteUrlAccessEnabled":false,"userAgent":"Mozilla/5.0 (Windows NT 6.2; WOW64) AppleWebKit/538.1 (KHTML, like Gecko) PhantomJS/2.1.1 Safari/538.1","webSecurityEnabled":true}
[INFO  - 2017-05-25T19:52:10.919Z] Session [a42e2be0-4183-11e7-b5f5-fd0f6df25cdd] - page.customHeaders:  - {}
[INFO  - 2017-05-25T19:52:10.919Z] Session [a42e2be0-4183-11e7-b5f5-fd0f6df25cdd] - Session.negotiatedCapabilities - {"browserName":"phantomjs","version":"2.1.1","driverName":"ghostdriver","driverVersion":"1.2.0","platform":"windows-10-32bit","javascriptEnabled":true,"takesScreenshot":true,"handlesAlerts":false,"databaseEnabled":false,"locationContextEnabled":false,"applicationCacheEnabled":false,"browserConnectionEnabled":false,"cssSelectorsEnabled":true,"webStorageEnabled":false,"rotatable":false,"acceptSslCerts":false,"nativeEvents":true,"proxy":{"proxyType":"direct"}}
[INFO  - 2017-05-25T19:52:10.919Z] SessionManagerReqHand - _postNewSessionCommand - New Session Created: a42e2be0-4183-11e7-b5f5-fd0f6df25cdd
[INFO  - 2017-05-25T19:58:32.788Z] GhostDriver - Main - running on port 46991
[INFO  - 2017-05-25T19:58:33.497Z] Session [8836c9f0-4184-11e7-8540-f5e077fae574] - page.settings - {"XSSAuditingEnabled":false,"javascriptCanCloseWindows":true,"javascriptCanOpenWindows":true,"javascriptEnabled":true,"loadImages":true,"localToRemoteUrlAccessEnabled":false,"userAgent":"Mozilla/5.0 (Windows NT 6.2; WOW64) AppleWebKit/538.1 (KHTML, like Gecko) PhantomJS/2.1.1 Safari/538.1","webSecurityEnabled":true}
[INFO  - 2017-05-25T19:58:33.497Z] Session [8836c9f0-4184-11e7-8540-f5e077fae574] - page.customHeaders:  - {}
[INFO  - 2017-05-25T19:58:33.498Z] Session [8836c9f0-4184-11e7-8540-f5e077fae574] - Session.negotiatedCapabilities - {"browserName":"phantomjs","version":"2.1.1","driverName":"ghostdriver","driverVersion":"1.2.0","platform":"windows-10-32bit","javascriptEnabled":true,"takesScreenshot":true,"handlesAlerts":false,"databaseEnabled":false,"locationContextEnabled":false,"applicationCacheEnabled":false,"browserConnectionEnabled":false,"cssSelectorsEnabled":true,"webStorageEnabled":false,"rotatable":false,"acceptSslCerts":false,"nativeEvents":true,"proxy":{"proxyType":"direct"}}
[INFO  - 2017-05-25T19:58:33.498Z] SessionManagerReqHand - _postNewSessionCommand - New Session Created: 8836c9f0-4184-11e7-8540-f5e077fae574
[INFO  - 2017-05-25T19:59:12.465Z] GhostDriver - Main - running on port 57936
[INFO  - 2017-05-25T19:59:13.439Z] Session [a0057450-4184-11e7-9145-297240acdb6c] - page.settings - {"XSSAuditingEnabled":false,"javascriptCanCloseWindows":true,"javascriptCanOpenWindows":true,"javascriptEnabled":true,"loadImages":true,"localToRemoteUrlAccessEnabled":false,"userAgent":"Mozilla/5.0 (Windows NT 6.2; WOW64) AppleWebKit/538.1 (KHTML, like Gecko) PhantomJS/2.1.1 Safari/538.1","webSecurityEnabled":true}
[INFO  - 2017-05-25T19:59:13.439Z] Session [a0057450-4184-11e7-9145-297240acdb6c] - page.customHeaders:  - {}
[INFO  - 2017-05-25T19:59:13.440Z] Session [a0057450-4184-11e7-9145-297240acdb6c] - Session.negotiatedCapabilities - {"browserName":"phantomjs","version":"2.1.1","driverName":"ghostdriver","driverVersion":"1.2.0","platform":"windows-10-32bit","javascriptEnabled":true,"takesScreenshot":true,"handlesAlerts":false,"databaseEnabled":false,"locationContextEnabled":false,"applicationCacheEnabled":false,"browserConnectionEnabled":false,"cssSelectorsEnabled":true,"webStorageEnabled":false,"rotatable":false,"acceptSslCerts":false,"nativeEvents":true,"proxy":{"proxyType":"direct"}}
[INFO  - 2017-05-25T19:59:13.440Z] SessionManagerReqHand - _postNewSessionCommand - New Session Created: a0057450-4184-11e7-9145-297240acdb6c
[INFO  - 2017-05-25T20:00:19.533Z] GhostDriver - Main - running on port 7595
[INFO  - 2017-05-25T20:00:20.133Z] Session [c7c626b0-4184-11e7-a8a0-55f8affc695a] - page.settings - {"XSSAuditingEnabled":false,"javascriptCanCloseWindows":true,"javascriptCanOpenWindows":true,"javascriptEnabled":true,"loadImages":true,"localToRemoteUrlAccessEnabled":false,"userAgent":"Mozilla/5.0 (Windows NT 6.2; WOW64) AppleWebKit/538.1 (KHTML, like Gecko) PhantomJS/2.1.1 Safari/538.1","webSecurityEnabled":true}
[INFO  - 2017-05-25T20:00:20.133Z] Session [c7c626b0-4184-11e7-a8a0-55f8affc695a] - page.customHeaders:  - {}
[INFO  - 2017-05-25T20:00:20.133Z] Session [c7c626b0-4184-11e7-a8a0-55f8affc695a] - Session.negotiatedCapabilities - {"browserName":"phantomjs","version":"2.1.1","driverName":"ghostdriver","driverVersion":"1.2.0","platform":"windows-10-32bit","javascriptEnabled":true,"takesScreenshot":true,"handlesAlerts":false,"databaseEnabled":false,"locationContextEnabled":false,"applicationCacheEnabled":false,"browserConnectionEnabled":false,"cssSelectorsEnabled":true,"webStorageEnabled":false,"rotatable":false,"acceptSslCerts":false,"nativeEvents":true,"proxy":{"proxyType":"direct"}}
[INFO  - 2017-05-25T20:00:20.134Z] SessionManagerReqHand - _postNewSessionCommand - New Session Created: c7c626b0-4184-11e7-a8a0-55f8affc695a
[INFO  - 2017-05-25T20:00:53.583Z] GhostDriver - Main - running on port 45766
[INFO  - 2017-05-25T20:00:54.712Z] Session [dc62a3f0-4184-11e7-977a-87cdc5be6c72] - page.settings - {"XSSAuditingEnabled":false,"javascriptCanCloseWindows":true,"javascriptCanOpenWindows":true,"javascriptEnabled":true,"loadImages":true,"localToRemoteUrlAccessEnabled":false,"userAgent":"Mozilla/5.0 (Windows NT 6.2; WOW64) AppleWebKit/538.1 (KHTML, like Gecko) PhantomJS/2.1.1 Safari/538.1","webSecurityEnabled":true}
[INFO  - 2017-05-25T20:00:54.712Z] Session [dc62a3f0-4184-11e7-977a-87cdc5be6c72] - page.customHeaders:  - {}
[INFO  - 2017-05-25T20:00:54.712Z] Session [dc62a3f0-4184-11e7-977a-87cdc5be6c72] - Session.negotiatedCapabilities - {"browserName":"phantomjs","version":"2.1.1","driverName":"ghostdriver","driverVersion":"1.2.0","platform":"windows-10-32bit","javascriptEnabled":true,"takesScreenshot":true,"handlesAlerts":false,"databaseEnabled":false,"locationContextEnabled":false,"applicationCacheEnabled":false,"browserConnectionEnabled":false,"cssSelectorsEnabled":true,"webStorageEnabled":false,"rotatable":false,"acceptSslCerts":false,"nativeEvents":true,"proxy":{"proxyType":"direct"}}
[INFO  - 2017-05-25T20:00:54.712Z] SessionManagerReqHand - _postNewSessionCommand - New Session Created: dc62a3f0-4184-11e7-977a-87cdc5be6c72
[INFO  - 2017-05-25T20:01:29.831Z] GhostDriver - Main - running on port 57587
[INFO  - 2017-05-25T20:01:30.662Z] Session [f1d053e0-4184-11e7-8e62-5d01a377f63a] - page.settings - {"XSSAuditingEnabled":false,"javascriptCanCloseWindows":true,"javascriptCanOpenWindows":true,"javascriptEnabled":true,"loadImages":true,"localToRemoteUrlAccessEnabled":false,"userAgent":"Mozilla/5.0 (Windows NT 6.2; WOW64) AppleWebKit/538.1 (KHTML, like Gecko) PhantomJS/2.1.1 Safari/538.1","webSecurityEnabled":true}
[INFO  - 2017-05-25T20:01:30.663Z] Session [f1d053e0-4184-11e7-8e62-5d01a377f63a] - page.customHeaders:  - {}
[INFO  - 2017-05-25T20:01:30.663Z] Session [f1d053e0-4184-11e7-8e62-5d01a377f63a] - Session.negotiatedCapabilities - {"browserName":"phantomjs","version":"2.1.1","driverName":"ghostdriver","driverVersion":"1.2.0","platform":"windows-10-32bit","javascriptEnabled":true,"takesScreenshot":true,"handlesAlerts":false,"databaseEnabled":false,"locationContextEnabled":false,"applicationCacheEnabled":false,"browserConnectionEnabled":false,"cssSelectorsEnabled":true,"webStorageEnabled":false,"rotatable":false,"acceptSslCerts":false,"nativeEvents":true,"proxy":{"proxyType":"direct"}}
[INFO  - 2017-05-25T20:01:30.663Z] SessionManagerReqHand - _postNewSessionCommand - New Session Created: f1d053e0-4184-11e7-8e62-5d01a377f63a
[INFO  - 2017-05-25T20:06:29.857Z] SessionManagerReqHand - _cleanupWindowlessSessions - Asynchronous Sessions clean-up phase starting NOW
[INFO  - 2017-05-25T20:11:29.857Z] SessionManagerReqHand - _cleanupWindowlessSessions - Asynchronous Sessions clean-up phase starting NOW
[INFO  - 2017-05-25T20:16:29.857Z] SessionManagerReqHand - _cleanupWindowlessSessions - Asynchronous Sessions clean-up phase starting NOW
[INFO  - 2017-05-25T20:21:29.859Z] SessionManagerReqHand - _cleanupWindowlessSessions - Asynchronous Sessions clean-up phase starting NOW
[INFO  - 2017-05-25T20:26:29.874Z] SessionManagerReqHand - _cleanupWindowlessSessions - Asynchronous Sessions clean-up phase starting NOW
[INFO  - 2017-05-25T20:31:29.882Z] SessionManagerReqHand - _cleanupWindowlessSessions - Asynchronous Sessions clean-up phase starting NOW
[INFO  - 2017-05-25T20:36:29.882Z] SessionManagerReqHand - _cleanupWindowlessSessions - Asynchronous Sessions clean-up phase starting NOW
[INFO  - 2017-05-25T20:41:29.886Z] SessionManagerReqHand - _cleanupWindowlessSessions - Asynchronous Sessions clean-up phase starting NOW
[INFO  - 2017-05-25T20:46:29.886Z] SessionManagerReqHand - _cleanupWindowlessSessions - Asynchronous Sessions clean-up phase starting NOW
[INFO  - 2017-05-25T20:51:29.887Z] SessionManagerReqHand - _cleanupWindowlessSessions - Asynchronous Sessions clean-up phase starting NOW
[INFO  - 2017-05-25T20:56:29.888Z] SessionManagerReqHand - _cleanupWindowlessSessions - Asynchronous Sessions clean-up phase starting NOW
[INFO  - 2017-05-25T21:01:29.889Z] SessionManagerReqHand - _cleanupWindowlessSessions - Asynchronous Sessions clean-up phase starting NOW
[INFO  - 2017-05-25T21:06:29.889Z] SessionManagerReqHand - _cleanupWindowlessSessions - Asynchronous Sessions clean-up phase starting NOW
[INFO  - 2017-05-25T21:11:29.921Z] SessionManagerReqHand - _cleanupWindowlessSessions - Asynchronous Sessions clean-up phase starting NOW
[INFO  - 2017-05-25T21:16:29.921Z] SessionManagerReqHand - _cleanupWindowlessSessions - Asynchronous Sessions clean-up phase starting NOW
[INFO  - 2017-05-25T21:21:29.921Z] SessionManagerReqHand - _cleanupWindowlessSessions - Asynchronous Sessions clean-up phase starting NOW
[INFO  - 2017-05-25T21:26:29.922Z] SessionManagerReqHand - _cleanupWindowlessSessions - Asynchronous Sessions clean-up phase starting NOW
[INFO  - 2017-05-25T21:31:29.927Z] SessionManagerReqHand - _cleanupWindowlessSessions - Asynchronous Sessions clean-up phase starting NOW
[INFO  - 2017-05-25T21:36:29.934Z] SessionManagerReqHand - _cleanupWindowlessSessions - Asynchronous Sessions clean-up phase starting NOW
[INFO  - 2017-05-25T21:41:29.935Z] SessionManagerReqHand - _cleanupWindowlessSessions - Asynchronous Sessions clean-up phase starting NOW
[INFO  - 2017-05-25T21:46:29.936Z] SessionManagerReqHand - _cleanupWindowlessSessions - Asynchronous Sessions clean-up phase starting NOW
[INFO  - 2017-05-25T21:51:29.935Z] SessionManagerReqHand - _cleanupWindowlessSessions - Asynchronous Sessions clean-up phase starting NOW
[INFO  - 2017-05-25T21:56:29.938Z] SessionManagerReqHand - _cleanupWindowlessSessions - Asynchronous Sessions clean-up phase starting NOW
[INFO  - 2017-05-25T22:01:29.940Z] SessionManagerReqHand - _cleanupWindowlessSessions - Asynchronous Sessions clean-up phase starting NOW
[INFO  - 2017-05-25T22:06:30.052Z] SessionManagerReqHand - _cleanupWindowlessSessions - Asynchronous Sessions clean-up phase starting NOW
driverVersion":"1.2.0","platform":"windows-10-32bit","javascriptEnabled":true,"takesScreenshot":true,"handlesAlerts":false,"databaseEnabled":false,"locationContextEnabled":false,"applicationCacheEnabled":false,"browserConnectionEnabled":false,"cssSelectorsEnabled":true,"webStorageEnabled":false,"rotatable":false,"acceptSslCerts":false,"nativeEvents":true,"proxy":{"proxyType":"direct"}}
[INFO  - 2017-05-25T20:03:32.178Z] SessionManagerReqHand - _postNewSessionCommand - New Session Created: 3a3cfa20-4185-11e7-801a-9742c0e1843a
